# JRE version: OpenJDK Runtime Environment Temurin-21.0.10+7 (21.0.10+7) (build 21.0.10+7-LTS)
# Java VM: OpenJDK 64-Bit Server VM Temurin-21.0.10+7 (21.0.10+7-LTS, mixed mode, sharing, tiered, compressed oops, compressed class ptrs, parallel gc, windows-amd64)
GC Precious Log:
 CardTable entry size: 512
 CPUs: 4 total, 4 available
 Memory: 16264M
 Large Page Support: Disabled
 NUMA Support: Disabled
 Compressed Oops: Enabled (32-bit)
 Alignments: Space 512K, Generation 512K, Heap 2M
 Heap Min Capacity: 100M
 Heap Initial Capacity: 100M
 Heap Max Capacity: 2G
 Pre-touch: Disabled
 Parallel Workers: 4
Heap:
 PSYoungGen      total 2048K, used 1598K [0x00000000d5580000, 0x00000000d5880000, 0x0000000100000000)
  eden space 1536K, 95% used [0x00000000d5580000,0x00000000d56ef898,0x00000000d5700000)
  from space 512K, 25% used [0x00000000d5800000,0x00000000d5820000,0x00000000d5880000)
  to   space 512K, 0% used [0x00000000d5700000,0x00000000d5700000,0x00000000d5780000)
 ParOldGen       total 506880K, used 88308K [0x0000000080000000, 0x000000009ef00000, 0x00000000d5580000)
  object space 506880K, 17% used [0x0000000080000000,0x000000008563d000,0x000000009ef00000)
 Metaspace       used 94509K, committed 97280K, reserved 1179648K
  class space    used 11331K, committed 12480K, reserved 1048576K
GC Heap History (20 events):
Event: 7685.255 GC heap before
{Heap before GC invocations=2401 (full 4):
 PSYoungGen      total 2048K, used 1664K [0x00000000d5580000, 0x00000000d5880000, 0x0000000100000000)
  eden space 1536K, 100% used [0x00000000d5580000,0x00000000d5700000,0x00000000d5700000)
  from space 512K, 25% used [0x00000000d5800000,0x00000000d5820000,0x00000000d5880000)
  to   space 512K, 0% used [0x00000000d5700000,0x00000000d5700000,0x00000000d5780000)
 ParOldGen       total 506880K, used 88028K [0x0000000080000000, 0x000000009ef00000, 0x00000000d5580000)
  object space 506880K, 17% used [0x0000000080000000,0x00000000855f7000,0x000000009ef00000)
 Metaspace       used 94333K, committed 97280K, reserved 1179648K
  class space    used 11326K, committed 12480K, reserved 1048576K
}
Event: 7685.258 GC heap after
{Heap after GC invocations=2401 (full 4):
 PSYoungGen      total 2048K, used 96K [0x00000000d5580000, 0x00000000d5880000, 0x0000000100000000)
  eden space 1536K, 0% used [0x00000000d5580000,0x00000000d5580000,0x00000000d5700000)
  from space 512K, 18% used [0x00000000d5700000,0x00000000d5718000,0x00000000d5780000)
  to   space 512K, 0% used [0x00000000d5800000,0x00000000d5800000,0x00000000d5880000)
 ParOldGen       total 506880K, used 88052K [0x0000000080000000, 0x000000009ef00000, 0x00000000d5580000)
  object space 506880K, 17% used [0x0000000080000000,0x00000000855fd000,0x000000009ef00000)
 Metaspace       used 94333K, committed 97280K, reserved 1179648K
  class space    used 11326K, committed 12480K, reserved 1048576K
}
Event: 7685.452 GC heap before
{Heap before GC invocations=2402 (full 4):
 PSYoungGen      total 2048K, used 1632K [0x00000000d5580000, 0x00000000d5880000, 0x0000000100000000)
  eden space 1536K, 100% used [0x00000000d5580000,0x00000000d5700000,0x00000000d5700000)
  from space 512K, 18% used [0x00000000d5700000,0x00000000d5718000,0x00000000d5780000)
  to   space 512K, 0% used [0x00000000d5800000,0x00000000d5800000,0x00000000d5880000)
 ParOldGen       total 506880K, used 88052K [0x0000000080000000, 0x000000009ef00000, 0x00000000d5580000)
  object space 506880K, 17% used [0x0000000080000000,0x00000000855fd000,0x000000009ef00000)
 Metaspace       used 94333K, committed 97280K, reserved 1179648K
  class space    used 11326K, committed 12480K, reserved 1048576K
}
Event: 7685.453 GC heap after
{Heap after GC invocations=2402 (full 4):
 PSYoungGen      total 2048K, used 128K [0x00000000d5580000, 0x00000000d5880000, 0x0000000100000000)
  eden space 1536K, 0% used [0x00000000d5580000,0x00000000d5580000,0x00000000d5700000)
  from space 512K, 25% used [0x00000000d5800000,0x00000000d5820000,0x00000000d5880000)
  to   space 512K, 0% used [0x00000000d5700000,0x00000000d5700000,0x00000000d5780000)
 ParOldGen       total 506880K, used 88068K [0x0000000080000000, 0x000000009ef00000, 0x00000000d5580000)
  object space 506880K, 17% used [0x0000000080000000,0x0000000085601000,0x000000009ef00000)
 Metaspace       used 94333K, committed 97280K, reserved 1179648K
  class space    used 11326K, committed 12480K, reserved 1048576K
}
Event: 7687.875 GC heap before
{Heap before GC invocations=2403 (full 4):
 PSYoungGen      total 2048K, used 1664K [0x00000000d5580000, 0x00000000d5880000, 0x0000000100000000)
  eden space 1536K, 100% used [0x00000000d5580000,0x00000000d5700000,0x00000000d5700000)
  from space 512K, 25% used [0x00000000d5800000,0x00000000d5820000,0x00000000d5880000)
  to   space 512K, 0% used [0x00000000d5700000,0x00000000d5700000,0x00000000d5780000)
 ParOldGen       total 506880K, used 88068K [0x0000000080000000, 0x000000009ef00000, 0x00000000d5580000)
  object space 506880K, 17% used [0x0000000080000000,0x0000000085601000,0x000000009ef00000)
 Metaspace       used 94352K, committed 97280K, reserved 1179648K
  class space    used 11326K, committed 12480K, reserved 1048576K
}
Event: 7687.876 GC heap after
{Heap after GC invocations=2403 (full 4):
 PSYoungGen      total 2048K, used 96K [0x00000000d5580000, 0x00000000d5880000, 0x0000000100000000)
  eden space 1536K, 0% used [0x00000000d5580000,0x00000000d5580000,0x00000000d5700000)
  from space 512K, 18% used [0x00000000d5700000,0x00000000d5718000,0x00000000d5780000)
  to   space 512K, 0% used [0x00000000d5800000,0x00000000d5800000,0x00000000d5880000)
 ParOldGen       total 506880K, used 88076K [0x0000000080000000, 0x000000009ef00000, 0x00000000d5580000)
  object space 506880K, 17% used [0x0000000080000000,0x0000000085603000,0x000000009ef00000)
 Metaspace       used 94352K, committed 97280K, reserved 1179648K
  class space    used 11326K, committed 12480K, reserved 1048576K
}
Event: 7689.274 GC heap before
{Heap before GC invocations=2404 (full 4):
 PSYoungGen      total 2048K, used 1632K [0x00000000d5580000, 0x00000000d5880000, 0x0000000100000000)
  eden space 1536K, 100% used [0x00000000d5580000,0x00000000d5700000,0x00000000d5700000)
  from space 512K, 18% used [0x00000000d5700000,0x00000000d5718000,0x00000000d5780000)
  to   space 512K, 0% used [0x00000000d5800000,0x00000000d5800000,0x00000000d5880000)
 ParOldGen       total 506880K, used 88076K [0x0000000080000000, 0x000000009ef00000, 0x00000000d5580000)
  object space 506880K, 17% used [0x0000000080000000,0x0000000085603000,0x000000009ef00000)
 Metaspace       used 94379K, committed 97280K, reserved 1179648K
  class space    used 11326K, committed 12480K, reserved 1048576K
}
Event: 7689.275 GC heap after
{Heap after GC invocations=2404 (full 4):
 PSYoungGen      total 2048K, used 128K [0x00000000d5580000, 0x00000000d5880000, 0x0000000100000000)
  eden space 1536K, 0% used [0x00000000d5580000,0x00000000d5580000,0x00000000d5700000)
  from space 512K, 25% used [0x00000000d5800000,0x00000000d5820000,0x00000000d5880000)
  to   space 512K, 0% used [0x00000000d5700000,0x00000000d5700000,0x00000000d5780000)
 ParOldGen       total 506880K, used 88100K [0x0000000080000000, 0x000000009ef00000, 0x00000000d5580000)
  object space 506880K, 17% used [0x0000000080000000,0x0000000085609000,0x000000009ef00000)
 Metaspace       used 94379K, committed 97280K, reserved 1179648K
  class space    used 11326K, committed 12480K, reserved 1048576K
}
Event: 7694.111 GC heap before
{Heap before GC invocations=2405 (full 4):
 PSYoungGen      total 2048K, used 1664K [0x00000000d5580000, 0x00000000d5880000, 0x0000000100000000)
  eden space 1536K, 100% used [0x00000000d5580000,0x00000000d5700000,0x00000000d5700000)
  from space 512K, 25% used [0x00000000d5800000,0x00000000d5820000,0x00000000d5880000)
  to   space 512K, 0% used [0x00000000d5700000,0x00000000d5700000,0x00000000d5780000)
 ParOldGen       total 506880K, used 88100K [0x0000000080000000, 0x000000009ef00000, 0x00000000d5580000)
  object space 506880K, 17% used [0x0000000080000000,0x0000000085609000,0x000000009ef00000)
 Metaspace       used 94384K, committed 97280K, reserved 1179648K
  class space    used 11326K, committed 12480K, reserved 1048576K
}
Event: 7694.116 GC heap after
{Heap after GC invocations=2405 (full 4):
 PSYoungGen      total 2048K, used 128K [0x00000000d5580000, 0x00000000d5880000, 0x0000000100000000)
  eden space 1536K, 0% used [0x00000000d5580000,0x00000000d5580000,0x00000000d5700000)
  from space 512K, 25% used [0x00000000d5700000,0x00000000d5720000,0x00000000d5780000)
  to   space 512K, 0% used [0x00000000d5800000,0x00000000d5800000,0x00000000d5880000)
 ParOldGen       total 506880K, used 88116K [0x0000000080000000, 0x000000009ef00000, 0x00000000d5580000)
  object space 506880K, 17% used [0x0000000080000000,0x000000008560d000,0x000000009ef00000)
 Metaspace       used 94384K, committed 97280K, reserved 1179648K
  class space    used 11326K, committed 12480K, reserved 1048576K
}
Event: 7696.571 GC heap before
{Heap before GC invocations=2406 (full 4):
 PSYoungGen      total 2048K, used 1664K [0x00000000d5580000, 0x00000000d5880000, 0x0000000100000000)
  eden space 1536K, 100% used [0x00000000d5580000,0x00000000d5700000,0x00000000d5700000)
  from space 512K, 25% used [0x00000000d5700000,0x00000000d5720000,0x00000000d5780000)
  to   space 512K, 0% used [0x00000000d5800000,0x00000000d5800000,0x00000000d5880000)
 ParOldGen       total 506880K, used 88116K [0x0000000080000000, 0x000000009ef00000, 0x00000000d5580000)
  object space 506880K, 17% used [0x0000000080000000,0x000000008560d000,0x000000009ef00000)
 Metaspace       used 94427K, committed 97280K, reserved 1179648K
  class space    used 11326K, committed 12480K, reserved 1048576K
}
Event: 7696.572 GC heap after
{Heap after GC invocations=2406 (full 4):
 PSYoungGen      total 2048K, used 128K [0x00000000d5580000, 0x00000000d5880000, 0x0000000100000000)
  eden space 1536K, 0% used [0x00000000d5580000,0x00000000d5580000,0x00000000d5700000)
  from space 512K, 25% used [0x00000000d5800000,0x00000000d5820000,0x00000000d5880000)
  to   space 512K, 0% used [0x00000000d5700000,0x00000000d5700000,0x00000000d5780000)
 ParOldGen       total 506880K, used 88140K [0x0000000080000000, 0x000000009ef00000, 0x00000000d5580000)
  object space 506880K, 17% used [0x0000000080000000,0x0000000085613000,0x000000009ef00000)
 Metaspace       used 94427K, committed 97280K, reserved 1179648K
  class space    used 11326K, committed 12480K, reserved 1048576K
}
Event: 7698.021 GC heap before
{Heap before GC invocations=2407 (full 4):
 PSYoungGen      total 2048K, used 1664K [0x00000000d5580000, 0x00000000d5880000, 0x0000000100000000)
  eden space 1536K, 100% used [0x00000000d5580000,0x00000000d5700000,0x00000000d5700000)
  from space 512K, 25% used [0x00000000d5800000,0x00000000d5820000,0x00000000d5880000)
  to   space 512K, 0% used [0x00000000d5700000,0x00000000d5700000,0x00000000d5780000)
 ParOldGen       total 506880K, used 88140K [0x0000000080000000, 0x000000009ef00000, 0x00000000d5580000)
  object space 506880K, 17% used [0x0000000080000000,0x0000000085613000,0x000000009ef00000)
 Metaspace       used 94449K, committed 97280K, reserved 1179648K
  class space    used 11330K, committed 12480K, reserved 1048576K
}
Event: 7698.025 GC heap after
{Heap after GC invocations=2407 (full 4):
 PSYoungGen      total 2048K, used 160K [0x00000000d5580000, 0x00000000d5880000, 0x0000000100000000)
  eden space 1536K, 0% used [0x00000000d5580000,0x00000000d5580000,0x00000000d5700000)
  from space 512K, 31% used [0x00000000d5700000,0x00000000d5728000,0x00000000d5780000)
  to   space 512K, 0% used [0x00000000d5800000,0x00000000d5800000,0x00000000d5880000)
 ParOldGen       total 506880K, used 88188K [0x0000000080000000, 0x000000009ef00000, 0x00000000d5580000)
  object space 506880K, 17% used [0x0000000080000000,0x000000008561f000,0x000000009ef00000)
 Metaspace       used 94449K, committed 97280K, reserved 1179648K
  class space    used 11330K, committed 12480K, reserved 1048576K
}
Event: 7699.175 GC heap before
{Heap before GC invocations=2408 (full 4):
 PSYoungGen      total 2048K, used 1696K [0x00000000d5580000, 0x00000000d5880000, 0x0000000100000000)
  eden space 1536K, 100% used [0x00000000d5580000,0x00000000d5700000,0x00000000d5700000)
  from space 512K, 31% used [0x00000000d5700000,0x00000000d5728000,0x00000000d5780000)
  to   space 512K, 0% used [0x00000000d5800000,0x00000000d5800000,0x00000000d5880000)
 ParOldGen       total 506880K, used 88188K [0x0000000080000000, 0x000000009ef00000, 0x00000000d5580000)
  object space 506880K, 17% used [0x0000000080000000,0x000000008561f000,0x000000009ef00000)
 Metaspace       used 94469K, committed 97280K, reserved 1179648K
  class space    used 11330K, committed 12480K, reserved 1048576K
}
Event: 7699.176 GC heap after
{Heap after GC invocations=2408 (full 4):
 PSYoungGen      total 2048K, used 128K [0x00000000d5580000, 0x00000000d5880000, 0x0000000100000000)
  eden space 1536K, 0% used [0x00000000d5580000,0x00000000d5580000,0x00000000d5700000)
  from space 512K, 25% used [0x00000000d5800000,0x00000000d5820000,0x00000000d5880000)
  to   space 512K, 0% used [0x00000000d5700000,0x00000000d5700000,0x00000000d5780000)
 ParOldGen       total 506880K, used 88252K [0x0000000080000000, 0x000000009ef00000, 0x00000000d5580000)
  object space 506880K, 17% used [0x0000000080000000,0x000000008562f000,0x000000009ef00000)
 Metaspace       used 94469K, committed 97280K, reserved 1179648K
  class space    used 11330K, committed 12480K, reserved 1048576K
}
Event: 7699.454 GC heap before
{Heap before GC invocations=2409 (full 4):
 PSYoungGen      total 2048K, used 1664K [0x00000000d5580000, 0x00000000d5880000, 0x0000000100000000)
  eden space 1536K, 100% used [0x00000000d5580000,0x00000000d5700000,0x00000000d5700000)
  from space 512K, 25% used [0x00000000d5800000,0x00000000d5820000,0x00000000d5880000)
  to   space 512K, 0% used [0x00000000d5700000,0x00000000d5700000,0x00000000d5780000)
 ParOldGen       total 506880K, used 88252K [0x0000000080000000, 0x000000009ef00000, 0x00000000d5580000)
  object space 506880K, 17% used [0x0000000080000000,0x000000008562f000,0x000000009ef00000)
 Metaspace       used 94470K, committed 97280K, reserved 1179648K
  class space    used 11330K, committed 12480K, reserved 1048576K
}
Event: 7699.456 GC heap after
{Heap after GC invocations=2409 (full 4):
 PSYoungGen      total 2048K, used 128K [0x00000000d5580000, 0x00000000d5880000, 0x0000000100000000)
  eden space 1536K, 0% used [0x00000000d5580000,0x00000000d5580000,0x00000000d5700000)
  from space 512K, 25% used [0x00000000d5700000,0x00000000d5720000,0x00000000d5780000)
  to   space 512K, 0% used [0x00000000d5800000,0x00000000d5800000,0x00000000d5880000)
 ParOldGen       total 506880K, used 88284K [0x0000000080000000, 0x000000009ef00000, 0x00000000d5580000)
  object space 506880K, 17% used [0x0000000080000000,0x0000000085637000,0x000000009ef00000)
 Metaspace       used 94470K, committed 97280K, reserved 1179648K
  class space    used 11330K, committed 12480K, reserved 1048576K
}
Event: 7700.725 GC heap before
{Heap before GC invocations=2410 (full 4):
 PSYoungGen      total 2048K, used 1664K [0x00000000d5580000, 0x00000000d5880000, 0x0000000100000000)
  eden space 1536K, 100% used [0x00000000d5580000,0x00000000d5700000,0x00000000d5700000)
  from space 512K, 25% used [0x00000000d5700000,0x00000000d5720000,0x00000000d5780000)
  to   space 512K, 0% used [0x00000000d5800000,0x00000000d5800000,0x00000000d5880000)
 ParOldGen       total 506880K, used 88284K [0x0000000080000000, 0x000000009ef00000, 0x00000000d5580000)
  object space 506880K, 17% used [0x0000000080000000,0x0000000085637000,0x000000009ef00000)
 Metaspace       used 94473K, committed 97280K, reserved 1179648K
  class space    used 11330K, committed 12480K, reserved 1048576K
}
Event: 7700.726 GC heap after
{Heap after GC invocations=2410 (full 4):
 PSYoungGen      total 2048K, used 128K [0x00000000d5580000, 0x00000000d5880000, 0x0000000100000000)
  eden space 1536K, 0% used [0x00000000d5580000,0x00000000d5580000,0x00000000d5700000)
  from space 512K, 25% used [0x00000000d5800000,0x00000000d5820000,0x00000000d5880000)
  to   space 512K, 0% used [0x00000000d5700000,0x00000000d5700000,0x00000000d5780000)
 ParOldGen       total 506880K, used 88308K [0x0000000080000000, 0x000000009ef00000, 0x00000000d5580000)
  object space 506880K, 17% used [0x0000000080000000,0x000000008563d000,0x000000009ef00000)
 Metaspace       used 94473K, committed 97280K, reserved 1179648K
  class space    used 11330K, committed 12480K, reserved 1048576K
}

